0 info it worked if it ends with ok
1 verbose cli [ '/usr/local/bin/node',
1 verbose cli   '/usr/local/bin/npm',
1 verbose cli   'run',
1 verbose cli   'http-server' ]
2 info using npm@3.10.10
3 info using node@v6.11.0
4 verbose run-script [ 'prehttp-server', 'http-server', 'posthttp-server' ]
5 info lifecycle go_web_app@1.0.0~prehttp-server: go_web_app@1.0.0
6 silly lifecycle go_web_app@1.0.0~prehttp-server: no script for prehttp-server, continuing
7 info lifecycle go_web_app@1.0.0~http-server: go_web_app@1.0.0
8 verbose lifecycle go_web_app@1.0.0~http-server: unsafe-perm in lifecycle true
9 verbose lifecycle go_web_app@1.0.0~http-server: PATH: /usr/local/lib/node_modules/npm/bin/node-gyp-bin:/Users/jerryhu/Documents/golang/src/CreatingWebApplication/02-demo-app/node_modules/.bin:/Users/jerryhu/Documents/google-cloud-sdk/bin:/Library/Frameworks/Python.framework/Versions/3.6/bin:/Users/jerryhu/SSO/apache-tomcat-8.0.39/bin:export JAVA_HOME=$(/usr/libexec/java_home):/usr/local/bin:/usr/bin:/bin:/usr/sbin:/sbin:/Users/jerryhu/Documents/apache-maven-3.3.9/bin:/usr/local/go/bin:/Users/jerryhu/Documents/google-cloud-sdk/bin:/Library/Frameworks/Python.framework/Versions/3.6/bin:/Users/jerryhu/SSO/apache-tomcat-8.0.39/bin:export JAVA_HOME=/Library/Java/JavaVirtualMachines/jdk1.8.0_65.jdk/Contents/Home:/Users/jerryhu/Documents/gradle-2.10/bin:/Users/jerryhu/Documents/gradle-2.10/bin:/usr/bin:/bin:/usr/sbin:/sbin:/usr/local/bin:/bin:/Users/jerryhu/Documents/apache-maven-3.3.9/bin
10 verbose lifecycle go_web_app@1.0.0~http-server: CWD: /Users/jerryhu/Documents/golang/src/CreatingWebApplication/02-demo-app
11 silly lifecycle go_web_app@1.0.0~http-server: Args: [ '-c', 'node http-server' ]
12 silly lifecycle go_web_app@1.0.0~http-server: Returned: code: 1  signal: null
13 info lifecycle go_web_app@1.0.0~http-server: Failed to exec http-server script
14 verbose stack Error: go_web_app@1.0.0 http-server: `node http-server`
14 verbose stack Exit status 1
14 verbose stack     at EventEmitter.<anonymous> (/usr/local/lib/node_modules/npm/lib/utils/lifecycle.js:255:16)
14 verbose stack     at emitTwo (events.js:106:13)
14 verbose stack     at EventEmitter.emit (events.js:191:7)
14 verbose stack     at ChildProcess.<anonymous> (/usr/local/lib/node_modules/npm/lib/utils/spawn.js:40:14)
14 verbose stack     at emitTwo (events.js:106:13)
14 verbose stack     at ChildProcess.emit (events.js:191:7)
14 verbose stack     at maybeClose (internal/child_process.js:891:16)
14 verbose stack     at Process.ChildProcess._handle.onexit (internal/child_process.js:226:5)
15 verbose pkgid go_web_app@1.0.0
16 verbose cwd /Users/jerryhu/Documents/golang/src/CreatingWebApplication/02-demo-app
17 error Darwin 16.3.0
18 error argv "/usr/local/bin/node" "/usr/local/bin/npm" "run" "http-server"
19 error node v6.11.0
20 error npm  v3.10.10
21 error code ELIFECYCLE
22 error go_web_app@1.0.0 http-server: `node http-server`
22 error Exit status 1
23 error Failed at the go_web_app@1.0.0 http-server script 'node http-server'.
23 error Make sure you have the latest version of node.js and npm installed.
23 error If you do, this is most likely a problem with the go_web_app package,
23 error not with npm itself.
23 error Tell the author that this fails on your system:
23 error     node http-server
23 error You can get information on how to open an issue for this project with:
23 error     npm bugs go_web_app
23 error Or if that isn't available, you can get their info via:
23 error     npm owner ls go_web_app
23 error There is likely additional logging output above.
24 verbose exit [ 1, true ]
